<?xml version="1.0" encoding="UTF-8"?>
<!-- Generated by org.testng.reporters.JUnitReportReporter -->
<testsuite hostname="DESKTOP-9CFSBUL" failures="0" tests="2" name="com.amazon.runner.TestRunner" time="0.138" errors="1" timestamp="2023-04-08T08:52:26 IST" skipped="1">
  <testcase classname="com.amazon.runner.TestRunner" name="BeforeClass" time="0.138">
    <error message="cucumber.runtime.CucumberException: java.io.IOException: Failed to create directory E:\Automation Workspace\assignment01\target\site\cucumber-pretty" type="cucumber.runtime.CucumberException">
      <![CDATA[cucumber.runtime.CucumberException: cucumber.runtime.CucumberException: java.io.IOException: Failed to create directory E:\Automation Workspace\assignment01\target\site\cucumber-pretty
at cucumber.runtime.formatter.PluginFactory.newInstance(PluginFactory.java:107)
at cucumber.runtime.formatter.PluginFactory.instantiate(PluginFactory.java:88)
at cucumber.runtime.formatter.PluginFactory.create(PluginFactory.java:73)
at cucumber.runtime.formatter.Plugins.createPlugins(Plugins.java:65)
at cucumber.runtime.formatter.Plugins.<init>(Plugins.java:37)
at cucumber.api.testng.TestNGCucumberRunner.<init>(TestNGCucumberRunner.java:46)
at com.amazon.runner.TestRunner.BeforeClass(TestRunner.java:42)
at java.base/jdk.internal.reflect.NativeMethodAccessorImpl.invoke0(Native Method)
at java.base/jdk.internal.reflect.NativeMethodAccessorImpl.invoke(NativeMethodAccessorImpl.java:77)
at java.base/jdk.internal.reflect.DelegatingMethodAccessorImpl.invoke(DelegatingMethodAccessorImpl.java:43)
at java.base/java.lang.reflect.Method.invoke(Method.java:568)
at org.testng.internal.invokers.MethodInvocationHelper.invokeMethod(MethodInvocationHelper.java:135)
at org.testng.internal.invokers.MethodInvocationHelper.invokeMethodConsideringTimeout(MethodInvocationHelper.java:65)
at org.testng.internal.invokers.ConfigInvoker.invokeConfigurationMethod(ConfigInvoker.java:381)
at org.testng.internal.invokers.ConfigInvoker.invokeConfigurations(ConfigInvoker.java:319)
at org.testng.internal.invokers.TestMethodWorker.invokeBeforeClassMethods(TestMethodWorker.java:178)
at org.testng.internal.invokers.TestMethodWorker.run(TestMethodWorker.java:122)
at java.base/java.util.ArrayList.forEach(ArrayList.java:1511)
at org.testng.TestRunner.privateRun(TestRunner.java:808)
at org.testng.TestRunner.run(TestRunner.java:603)
at org.testng.SuiteRunner.runTest(SuiteRunner.java:429)
at org.testng.SuiteRunner.runSequentially(SuiteRunner.java:423)
at org.testng.SuiteRunner.privateRun(SuiteRunner.java:383)
at org.testng.SuiteRunner.run(SuiteRunner.java:326)
at org.testng.SuiteRunnerWorker.runSuite(SuiteRunnerWorker.java:52)
at org.testng.SuiteRunnerWorker.run(SuiteRunnerWorker.java:95)
at org.testng.TestNG.runSuitesSequentially(TestNG.java:1249)
at org.testng.TestNG.runSuitesLocally(TestNG.java:1169)
at org.testng.TestNG.runSuites(TestNG.java:1092)
at org.testng.TestNG.run(TestNG.java:1060)
at org.testng.remote.AbstractRemoteTestNG.run(AbstractRemoteTestNG.java:115)
at org.testng.remote.RemoteTestNG.initAndRun(RemoteTestNG.java:251)
at org.testng.remote.RemoteTestNG.main(RemoteTestNG.java:77)
Caused by: cucumber.runtime.CucumberException: java.io.IOException: Failed to create directory E:\Automation Workspace\assignment01\target\site\cucumber-pretty
at cucumber.runtime.formatter.HTMLFormatter.createReportFileOutputStream(HTMLFormatter.java:526)
at cucumber.runtime.formatter.HTMLFormatter.createJsOut(HTMLFormatter.java:516)
at cucumber.runtime.formatter.HTMLFormatter.<init>(HTMLFormatter.java:124)
at java.base/jdk.internal.reflect.NativeConstructorAccessorImpl.newInstance0(Native Method)
at java.base/jdk.internal.reflect.NativeConstructorAccessorImpl.newInstance(NativeConstructorAccessorImpl.java:77)
at java.base/jdk.internal.reflect.DelegatingConstructorAccessorImpl.newInstance(DelegatingConstructorAccessorImpl.java:45)
at java.base/java.lang.reflect.Constructor.newInstanceWithCaller(Constructor.java:499)
at java.base/java.lang.reflect.Constructor.newInstance(Constructor.java:480)
at cucumber.runtime.formatter.PluginFactory.newInstance(PluginFactory.java:101)
... 32 more
Caused by: java.io.IOException: Failed to create directory E:\Automation Workspace\assignment01\target\site\cucumber-pretty
at cucumber.runtime.formatter.URLOutputStream.ensureParentDirExists(URLOutputStream.java:53)
at cucumber.runtime.formatter.URLOutputStream.<init>(URLOutputStream.java:33)
at cucumber.runtime.formatter.URLOutputStream.<init>(URLOutputStream.java:24)
at cucumber.runtime.formatter.HTMLFormatter.createReportFileOutputStream(HTMLFormatter.java:524)
... 40 more
]]>
    </error>
  </testcase> <!-- BeforeClass -->
  <system-out/>
  <testcase classname="com.amazon.runner.TestRunner" name="scenario" time="0.000">
    <skipped/>
  </testcase> <!-- scenario -->
  <system-out/>
</testsuite> <!-- com.amazon.runner.TestRunner -->
