<?xml version="1.0" encoding="UTF-8"?>
<!-- Generated by org.testng.reporters.JUnitReportReporter -->
<testsuite hostname="DESKTOP-9CFSBUL" failures="0" tests="1" name="com.amazon.runner.RunCukesTest" time="83.869" errors="0" timestamp="2023-04-09T13:58:23 IST" skipped="0">
  <testcase classname="com.amazon.runner.RunCukesTest" name="scenario" time="83.869"/>
  <system-out/>
</testsuite> <!-- com.amazon.runner.RunCukesTest -->
