<?xml version="1.0" encoding="UTF-8"?>
<!-- Generated by org.testng.reporters.JUnitReportReporter -->
<testsuite hostname="DESKTOP-9CFSBUL" failures="0" tests="1" name="com.amazon.runner.RunCukesTest" time="75.899" errors="0" timestamp="2023-04-10T09:49:55 IST" skipped="0">
  <testcase classname="com.amazon.runner.RunCukesTest" name="scenario" time="75.899"/>
  <system-out/>
</testsuite> <!-- com.amazon.runner.RunCukesTest -->
